<?xml version="1.0" encoding="UTF-8"?>
<!-- Generated by org.testng.reporters.JUnitXMLReporter -->
<testsuite ignored="0" hostname="LAPTOP-79EJMJP9" failures="0" tests="5" name="Default test" time="1.586" errors="0" timestamp="2023-09-29T15:18:17 IST">
  <testcase classname="Extend_report.test1" name="f1" time="0.027"/>
  <testcase classname="Extend_report.test1" name="f2" time="0.002"/>
  <testcase classname="Extend_report.test1" name="f3" time="0.014"/>
  <testcase classname="Extend_report.test1" name="f4" time="0.002"/>
  <testcase classname="Extend_report.test1" name="f5" time="0.002"/>
</testsuite> <!-- Default test -->
